<?xml version="1.0" encoding="UTF-8"?>
<testsuite xmlns:xsi="http://www.w3.org/2001/XMLSchema-instance" xsi:noNamespaceSchemaLocation="https://maven.apache.org/surefire/maven-surefire-plugin/xsd/surefire-test-report-3.0.xsd" version="3.0" name="io.helidon.examples.quickstart.se.MainTest" time="2.118" tests="1" errors="0" skipped="0" failures="0">
  <properties>
[...]
</properties>
  <testcase name="testHelloWorld" classname="io.helidon.examples.quickstart.se.MainTest" time="0.489">
    <system-out><![CDATA[2021.03.24 20:57:05 INFO io.helidon.common.LogConfig Thread[main,5,main]: Logging at initialization configured using C:\Brati\Work\helidon\SE\helidon-quickstart-se\target\classes\logging.properties
2021.03.24 20:57:06 INFO io.helidon.common.HelidonFeatures Thread[features-thread,5,main]: Helidon SE 2.2.0 features: [Config, Health, Metrics, Web Client, WebServer]
2021.03.24 20:57:06 INFO io.helidon.common.HelidonFeatures.experimental Thread[features-thread,5,main]: You are using experimental features. These APIs may change, please follow changelog!
2021.03.24 20:57:06 INFO io.helidon.common.HelidonFeatures.experimental Thread[features-thread,5,main]: 	Experimental feature: Web Client (WebClient)
2021.03.24 20:57:07 INFO io.helidon.webserver.NettyWebServer Thread[nioEventLoopGroup-2-1,10,main]: Channel '@default' started: [id: 0x8c4ed9da, L:/[0:0:0:0:0:0:0:0]:9080]
WEB server is up! http://localhost:9080/item-reservation
]]></system-out>
    <system-err><![CDATA[SLF4J: Failed to load class "org.slf4j.impl.StaticLoggerBinder".
SLF4J: Defaulting to no-operation (NOP) logger implementation
SLF4J: See http://www.slf4j.org/codes.html#StaticLoggerBinder for further details.
]]></system-err>
  </testcase>
</testsuite>